<?xml version="1.0" encoding="UTF-8"?>
<robot generator="Robot 7.3 (Python 3.12.3 on win32)" generated="2025-07-06T17:29:41.483896" rpa="false" schemaversion="5">
<suite id="s1" name="Robot S14A1 Page Scrolling" source="C:\Users\srushti.lokhande\PycharmProjects\RobotProject\DAY12\robot_s14a1_page_scrolling.robot">
<test id="s1-t1" name="LoginAndScrollWithJavaScript" line="22">
<kw name="Open Browser" owner="SeleniumLibrary">
<msg time="2025-07-06T17:29:41.888233" level="INFO">Opening browser 'chrome' to base url 'https://www.automationexercise.com/login'.</msg>
<msg time="2025-07-06T17:29:42.663775" level="WARN">The chromedriver version (137.0.7151.70) detected in PATH at C:\chromedriver-win64\chromedriver.exe might not be compatible with the detected chrome version (138.0.7204.50); currently, chromedriver 138.0.7204.92 is recommended for chrome 138.*, so it is advised to delete the driver in PATH and retry</msg>
<arg>${URL}</arg>
<arg>${BROWSER}</arg>
<doc>Opens a new browser instance to the optional ``url``.</doc>
<status status="PASS" start="2025-07-06T17:29:41.888233" elapsed="7.175254"/>
</kw>
<kw name="Maximize Browser Window" owner="SeleniumLibrary">
<doc>Maximizes current browser window.</doc>
<status status="PASS" start="2025-07-06T17:29:49.064488" elapsed="0.088323"/>
</kw>
<kw name="Input Text" owner="SeleniumLibrary">
<msg time="2025-07-06T17:29:49.154815" level="INFO">Typing text 'testemail123@gmail.com' into text field 'xpath=//input[@data-qa='login-email']'.</msg>
<arg>xpath=//input[@data-qa='login-email']</arg>
<arg>${USERNAME}</arg>
<doc>Types the given ``text`` into the text field identified by ``locator``.</doc>
<status status="PASS" start="2025-07-06T17:29:49.153813" elapsed="0.326629"/>
</kw>
<kw name="Input Text" owner="SeleniumLibrary">
<msg time="2025-07-06T17:29:49.482463" level="INFO">Typing text 'Test@123' into text field 'xpath=//input[@data-qa='login-password']'.</msg>
<arg>xpath=//input[@data-qa='login-password']</arg>
<arg>${PASSWORD}</arg>
<doc>Types the given ``text`` into the text field identified by ``locator``.</doc>
<status status="PASS" start="2025-07-06T17:29:49.481460" elapsed="0.186409"/>
</kw>
<kw name="Click Button" owner="SeleniumLibrary">
<msg time="2025-07-06T17:29:49.669123" level="INFO">Clicking button 'xpath=//button[@data-qa='login-button']'.</msg>
<arg>xpath=//button[@data-qa='login-button']</arg>
<doc>Clicks the button identified by ``locator``.</doc>
<status status="PASS" start="2025-07-06T17:29:49.669123" elapsed="1.552468"/>
</kw>
<kw name="Sleep" owner="BuiltIn">
<msg time="2025-07-06T17:29:53.223091" level="INFO">Slept 2 seconds.</msg>
<arg>2s</arg>
<doc>Pauses the test executed for the given time.</doc>
<status status="PASS" start="2025-07-06T17:29:51.222588" elapsed="2.000503"/>
</kw>
<kw name="Execute Javascript" owner="SeleniumLibrary">
<msg time="2025-07-06T17:29:53.224717" level="INFO">Executing JavaScript:
window.scrollTo(0, document.body.scrollHeight);
Without any arguments.</msg>
<arg>window.scrollTo(0, document.body.scrollHeight);</arg>
<doc>Executes the given JavaScript code with possible arguments.</doc>
<status status="PASS" start="2025-07-06T17:29:53.223606" elapsed="0.044040"/>
</kw>
<kw name="Sleep" owner="BuiltIn">
<msg time="2025-07-06T17:29:56.993609" level="INFO">Slept 3 seconds.</msg>
<arg>3s</arg>
<doc>Pauses the test executed for the given time.</doc>
<status status="PASS" start="2025-07-06T17:29:53.268746" elapsed="3.724863"/>
</kw>
<kw name="Close Browser" owner="SeleniumLibrary">
<doc>Closes the current browser.</doc>
<status status="PASS" start="2025-07-06T17:29:57.007031" elapsed="3.921417"/>
</kw>
<status status="PASS" start="2025-07-06T17:29:41.887118" elapsed="19.092372"/>
</test>
<status status="PASS" start="2025-07-06T17:29:41.485893" elapsed="19.496751"/>
</suite>
<statistics>
<total>
<stat pass="1" fail="0" skip="0">All Tests</stat>
</total>
<tag>
</tag>
<suite>
<stat name="Robot S14A1 Page Scrolling" id="s1" pass="1" fail="0" skip="0">Robot S14A1 Page Scrolling</stat>
</suite>
</statistics>
<errors>
<msg time="2025-07-06T17:29:42.663775" level="WARN">The chromedriver version (137.0.7151.70) detected in PATH at C:\chromedriver-win64\chromedriver.exe might not be compatible with the detected chrome version (138.0.7204.50); currently, chromedriver 138.0.7204.92 is recommended for chrome 138.*, so it is advised to delete the driver in PATH and retry</msg>
</errors>
</robot>
